   2631  0.029  
   1287  0.030  
   2274  0.029  
   1580  0.043  
   1431  0.030  
    391  0.033  
    481  0.037  
    715  0.028  
   2182  0.066 ?
    139  0.329 *
    697  0.027  
   3802  0.034  
   1202  0.031  
   1159  0.026  
   3922  0.030  
   2277  0.037  
   1636  0.033  
   1958  0.033  
    557  0.033  
   1150  0.036  
    926  0.032  
    686  0.034  
   3079  0.035  
    986  0.033  
   2105  0.031  
   3681  0.036  
   1369  0.032  
   2938  0.029  
   1151  0.025  
    558  0.030  
   1753  0.030  
   2550  0.041  
   3556  0.035  
    333  0.035  
   2978  0.036  
   2477  0.036  
   1478  0.036  
    236  0.030  
   1405  0.031  
   3292  0.036  
   2408  0.036  
   4038  0.032  
   1524  0.030  
   2757  0.034  
   3378  0.043  
   3756  0.039  
   3616  0.037  
   1105  0.030  
   1667  0.027  
   2711  0.035  
   2894  0.036  
   2997  0.039  
   2065  0.092 *
    859  0.027  
   3800  0.035  
   1114  0.033  
   3257  0.029  
    842  0.028  
   3157  0.035  
    316  0.031  
   2309  0.031  
   1313  0.037  
   3993  0.032  
    892  0.033  
   3727  0.040  
   1660  0.027  
   1525  0.032  
   1018  0.028  
    629  0.029  
   2360  0.030  
    285  0.027  
   1308  0.026  
   3599  0.026  
   2406  0.035  
   1240  0.035  
   3485  0.032  
   1277  0.029  
    957  0.032  
   1844  0.037  
   1302  0.038  
   1885  0.033  
   3270  0.031  
   3855  0.035  
   2487  0.193 *
    347  0.028  
   3241  0.031  
   2713  0.034  
   3380  0.036  
   1488  0.027  
    875  0.029  
   3352  0.031  
   1450  0.031  
   2511  0.035  
   2650  0.032  
    967  0.033  
   1801  0.031  
   3055  0.031  
   3011  0.035  
   2050  0.040  
   1862  0.031  
