 NL    NX    NY  LOWBAD HIGHBAD  THRESH     AP1  PH/ADU  RNOISE    FRAD
  3  1250  1150    -3.9 31000.0    5.81    8.00    9.00    1.70    6.00
 
   2631  982.570  733.500   12.430    0.001    0.000
    391  702.670  102.050   12.533    0.001    0.000
    697  502.640  177.660   12.741    0.001    0.000
   2277 1165.500  636.910   12.742    0.001    0.000
    926 1107.020  241.150   12.763    0.001    0.000
   3681  935.700 1025.920   13.129    0.002    0.000
   1753  223.250  481.610   13.170    0.002    0.000
   2477  444.030  689.150   13.327    0.002    0.000
   2408  899.240  671.070   13.341    0.002    0.000
   3756  912.930 1043.950   13.391    0.002    0.000
   2894  255.040  804.090   13.486    0.002    0.000
   1114  782.680  299.910   13.527    0.002    0.000
   2309  637.150  644.300   13.711    0.003    0.000
   1660  442.410  454.500   13.857    0.002    0.000
    285  187.690   73.660   13.946    0.003    0.000
   3485   32.540  970.150   13.947    0.003    0.000
   1885  729.210  520.000   13.973    0.003    0.000
   3241  912.290  902.490   14.043    0.003    0.000
   3352  338.140  932.400   14.159    0.003    0.000
   1801  597.120  495.300   14.171    0.003    0.000
   1287  897.740  345.700   14.185    0.003    0.000
    481 1172.140  125.000   14.195    0.003    0.000
   3802  810.480 1054.740   14.273    0.003    0.000
   1636  748.980  450.250   14.290    0.003    0.000
    686 1148.690  175.120   14.439    0.004    0.000
   1369  123.910  372.910   14.500    0.004    0.000
   2550 1170.440  710.050   14.539    0.004    0.000
   1478 1132.720  405.860   14.668    0.004    0.000
   4038  539.750 1116.480   14.669    0.004    0.000
   3616  668.120 1010.360   14.801    0.004    0.000
   2997 1128.250  833.290   14.829    0.005    0.000
   3257  125.760  907.280   14.857    0.005    0.000
   1313 1042.980  352.810   14.894    0.005    0.000
   1525  252.350  417.970   14.904    0.005    0.000
   1308  713.210  351.690   14.928    0.005    0.000
   1277   36.400  344.270   14.930    0.005    0.000
   3270  535.770  911.510   14.937    0.005    0.000
   2713  756.030  755.020   14.946    0.005    0.000
   1450  533.990  395.640   14.995    0.005    0.000
   3055  239.590  851.440   15.002    0.005    0.000
   2274  145.790  636.760   15.009    0.005    0.000
    715  183.000  184.780   15.028    0.005    0.000
   1202   64.190  323.890   15.040    0.005    0.000
   1958  308.180  540.970   15.047    0.005    0.000
   3079  553.910  857.770   15.058    0.005    0.000
   2938   63.230  816.470   15.069    0.006    0.000
   3556  194.950  991.390   15.087    0.005    0.000
    236  312.460   59.700   15.096    0.005    0.000
   1524  188.910  418.450   15.105    0.006    0.000
   1105 1160.710  296.670   15.162    0.006    0.000
   2065  107.310  573.090   15.186    0.006    0.000
    842  281.330  218.670   15.199    0.006    0.000
   3993  274.200 1103.910   15.218    0.006    0.000
   1018  654.190  269.610   15.243    0.006    0.000
   3599   99.490 1004.880   15.274    0.006    0.000
    957  429.120  250.880   15.282    0.006    0.000
   3855  258.810 1073.310   15.284    0.007    0.000
   3380  280.940  941.180   15.285    0.006    0.000
   2511 1113.420  698.240   15.294    0.006    0.000
   3011  309.990  838.130   15.307    0.006    0.000
